packages/pi-supervisor-native-bridge/android/build/intermediates/manifest_merge_blame_file/debug/manifest-merger-blame-debug-report.txt
1<?xml version="1.0" encoding="utf-8"?>
2<manifest xmlns:android="http://schemas.android.com/apk/res/android"
3    package="com.supervisor.nativebridge" >
4
5    <uses-sdk android:minSdkVersion="22" />
6
7    <uses-permission android:name="android.permission.FOREGROUND_SERVICE" />
7-->src\main\AndroidManifest.xml:3:5-77
7-->src\main\AndroidManifest.xml:3:22-74
8    <uses-permission android:name="android.permission.FOREGROUND_SERVICE_DATA_SYNC" />
8-->src\main\AndroidManifest.xml:4:5-87
8-->src\main\AndroidManifest.xml:4:22-84
9    <uses-permission android:name="android.permission.POST_NOTIFICATIONS" />
9-->src\main\AndroidManifest.xml:5:5-77
9-->src\main\AndroidManifest.xml:5:22-74
10    <uses-permission android:name="android.permission.POST_PROMOTED_NOTIFICATIONS" />
10-->src\main\AndroidManifest.xml:6:5-86
10-->src\main\AndroidManifest.xml:6:22-83
11    <uses-permission android:name="android.permission.CAMERA" />
11-->src\main\AndroidManifest.xml:7:5-65
11-->src\main\AndroidManifest.xml:7:22-62
12
13    <application>
13-->src\main\AndroidManifest.xml:9:5-14:19
14        <service
14-->src\main\AndroidManifest.xml:10:9-13:56
15            android:name="com.supervisor.nativebridge.SupervisorForegroundService"
15-->src\main\AndroidManifest.xml:11:13-83
16            android:exported="false"
16-->src\main\AndroidManifest.xml:12:13-37
17            android:foregroundServiceType="dataSync" />
17-->src\main\AndroidManifest.xml:13:13-53
18    </application>
19
20</manifest>